[debug] [2024-01-07T14:10:37.317Z] ----------------------------------------------------------------------
[debug] [2024-01-07T14:10:37.318Z] Command:       C:\Program Files\nodejs\node.exe C:\Users\Phong Chim\AppData\Roaming\npm\node_modules\firebase-tools\lib\bin\firebase.js init
[debug] [2024-01-07T14:10:37.319Z] CLI Version:   13.0.2
[debug] [2024-01-07T14:10:37.319Z] Platform:      win32
[debug] [2024-01-07T14:10:37.319Z] Node Version:  v20.10.0
[debug] [2024-01-07T14:10:37.319Z] Time:          Sun Jan 07 2024 21:10:37 GMT+0700 (Indochina Time)
[debug] [2024-01-07T14:10:37.319Z] ----------------------------------------------------------------------
[debug] 
[debug] [2024-01-07T14:10:37.320Z] >>> [apiv2][query] GET https://firebase-public.firebaseio.com/cli.json [none]
[debug] [2024-01-07T14:10:37.344Z] > command requires scopes: ["email","openid","https://www.googleapis.com/auth/cloudplatformprojects.readonly","https://www.googleapis.com/auth/firebase","https://www.googleapis.com/auth/cloud-platform"]
[debug] [2024-01-07T14:10:37.344Z] > authorizing via signed-in user (chimhoi918@gmail.com)
[info] 
     ######## #### ########  ######## ########     ###     ######  ########
     ##        ##  ##     ## ##       ##     ##  ##   ##  ##       ##
     ######    ##  ########  ######   ########  #########  ######  ######
     ##        ##  ##    ##  ##       ##     ## ##     ##       ## ##
     ##       #### ##     ## ######## ########  ##     ##  ######  ########

You're about to initialize a Firebase project in this directory:

  E:\Node JS\blog

[debug] [2024-01-07T14:10:37.757Z] <<< [apiv2][status] GET https://firebase-public.firebaseio.com/cli.json 200
[debug] [2024-01-07T14:10:37.757Z] <<< [apiv2][body] GET https://firebase-public.firebaseio.com/cli.json {"cloudBuildErrorAfter":1594252800000,"cloudBuildWarnAfter":1590019200000,"defaultNode10After":1594252800000,"minVersion":"3.0.5","node8DeploysDisabledAfter":1613390400000,"node8RuntimeDisabledAfter":1615809600000,"node8WarnAfter":1600128000000}
[info] 
=== Project Setup
[info] 
[info] First, let's associate this project directory with a Firebase project.
[info] You can create multiple project aliases by running firebase use --add, 
[info] but for now we'll just set up a default project.
[info] 
[debug] [2024-01-07T14:11:19.057Z] > refreshing access token with scopes: []
[debug] [2024-01-07T14:11:19.058Z] >>> [apiv2][query] POST https://www.googleapis.com/oauth2/v3/token [none]
[debug] [2024-01-07T14:11:19.058Z] >>> [apiv2][body] POST https://www.googleapis.com/oauth2/v3/token [omitted]
[debug] [2024-01-07T14:11:19.297Z] <<< [apiv2][status] POST https://www.googleapis.com/oauth2/v3/token 200
[debug] [2024-01-07T14:11:19.297Z] <<< [apiv2][body] POST https://www.googleapis.com/oauth2/v3/token [omitted]
[debug] [2024-01-07T14:11:19.300Z] >>> [apiv2][query] GET https://firebase.googleapis.com/v1beta1/projects pageSize=100
[debug] [2024-01-07T14:11:29.177Z] <<< [apiv2][status] GET https://firebase.googleapis.com/v1beta1/projects 200
[debug] [2024-01-07T14:11:29.177Z] <<< [apiv2][body] GET https://firebase.googleapis.com/v1beta1/projects [omitted]
[info] i  Using project blog-b3ca9 (blog) 
[info] 
=== Hosting Setup
[debug] [2024-01-07T14:11:29.188Z] >>> [apiv2][query] GET https://firebase.googleapis.com/v1beta1/projects/blog-b3ca9 [none]
[debug] [2024-01-07T14:11:29.430Z] <<< [apiv2][status] GET https://firebase.googleapis.com/v1beta1/projects/blog-b3ca9 200
[debug] [2024-01-07T14:11:29.430Z] <<< [apiv2][body] GET https://firebase.googleapis.com/v1beta1/projects/blog-b3ca9 {"projectId":"blog-b3ca9","projectNumber":"149621142612","displayName":"blog","name":"projects/blog-b3ca9","resources":{"hostingSite":"blog-b3ca9","storageBucket":"blog-b3ca9.appspot.com","locationId":"asia-southeast1"},"state":"ACTIVE","etag":"1_1a457362-5113-4050-b36b-66e5cfee3fc2"}
[info] 
[info] Your public directory is the folder (relative to your project directory) that
[info] will contain Hosting assets to be uploaded with firebase deploy. If you
[info] have a build process for your assets, use your build's output directory.
[info] 
[debug] [2024-01-07T14:11:49.729Z] >>> [apiv2][query] GET https://www.gstatic.com/firebasejs/releases.json [none]
[debug] [2024-01-07T14:11:49.936Z] <<< [apiv2][status] GET https://www.gstatic.com/firebasejs/releases.json 200
[debug] [2024-01-07T14:11:49.937Z] <<< [apiv2][body] GET https://www.gstatic.com/firebasejs/releases.json {"current":{"version":"10.7.1","browserURL":"https://www.gstatic.com/firebasejs/10.7.1/firebase.js","packageURL":"https://www.gstatic.com/firebasejs/10.7.1/firebase.tgz"},"live":{"version":"10.7","browserURL":"https://www.gstatic.com/firebasejs/live/10.7/firebase.js","packageURL":"https://www.gstatic.com/firebasejs/live/10.7/firebase.tgz"},"components":{"analytics":"https://www.gstatic.com/firebasejs/10.7.1/firebase-analytics.js","app":"https://www.gstatic.com/firebasejs/10.7.1/firebase-app.js","app-check":"https://www.gstatic.com/firebasejs/10.7.1/firebase-app-check.js","auth":"https://www.gstatic.com/firebasejs/10.7.1/firebase-auth.js","auth/cordova":"https://www.gstatic.com/firebasejs/10.7.1/firebase-auth/cordova.js","functions":"https://www.gstatic.com/firebasejs/10.7.1/firebase-functions.js","firestore":"https://www.gstatic.com/firebasejs/10.7.1/firebase-firestore.js","firestore/lite":"https://www.gstatic.com/firebasejs/10.7.1/firebase-firestore/lite.js","installations":"https://www.gstatic.com/firebasejs/10.7.1/firebase-installations.js","storage":"https://www.gstatic.com/firebasejs/10.7.1/firebase-storage.js","performance":"https://www.gstatic.com/firebasejs/10.7.1/firebase-performance.js","remote-config":"https://www.gstatic.com/firebasejs/10.7.1/firebase-remote-config.js","messaging":"https://www.gstatic.com/firebasejs/10.7.1/firebase-messaging.js","messaging/sw":"https://www.gstatic.com/firebasejs/10.7.1/firebase-messaging/sw.js","database":"https://www.gstatic.com/firebasejs/10.7.1/firebase-database.js","firestore.memory":"https://www.gstatic.com/firebasejs/10.7.1/firebase-firestore.memory.js"}}
[info] +  Wrote public/index.html 
[info] 
[info] i  Didn't detect a .git folder. Assuming E:\Node JS\blog is the project root. 
[info] i  Authorizing with GitHub to upload your service account to a GitHub repository's secrets store. 
[info] 
[info] Visit this URL on this device to log in:
[info] https://github.com/login/oauth/authorize?client_id=89cf50f02ac6aaed3484&state=832973558&redirect_uri=http%3A%2F%2Flocalhost%3A9005&scope=read%3Auser%20repo%20public_repo
[info] 
[info] Waiting for authentication...
[debug] [2024-01-07T14:12:08.649Z] >>> [apiv2][query] POST https://github.com/login/oauth/access_token [none]
[debug] [2024-01-07T14:12:08.649Z] >>> [apiv2][body] POST https://github.com/login/oauth/access_token [stream]
[debug] [2024-01-07T14:12:09.108Z] <<< [apiv2][status] POST https://github.com/login/oauth/access_token 200
[debug] [2024-01-07T14:12:09.108Z] <<< [apiv2][body] POST https://github.com/login/oauth/access_token {"access_token":"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","token_type":"bearer","scope":"read:user,repo"}
[debug] [2024-01-07T14:12:09.110Z] >>> [apiv2][query] GET https://api.github.com/user [none]
[debug] [2024-01-07T14:12:09.567Z] <<< [apiv2][status] GET https://api.github.com/user 200
[debug] [2024-01-07T14:12:09.567Z] <<< [apiv2][body] GET https://api.github.com/user {"login":"phongnguyenxuan","id":109235060,"node_id":"U_kgDOBoLLdA","avatar_url":"https://avatars.githubusercontent.com/u/109235060?v=4","gravatar_id":"","url":"https://api.github.com/users/phongnguyenxuan","html_url":"https://github.com/phongnguyenxuan","followers_url":"https://api.github.com/users/phongnguyenxuan/followers","following_url":"https://api.github.com/users/phongnguyenxuan/following{/other_user}","gists_url":"https://api.github.com/users/phongnguyenxuan/gists{/gist_id}","starred_url":"https://api.github.com/users/phongnguyenxuan/starred{/owner}{/repo}","subscriptions_url":"https://api.github.com/users/phongnguyenxuan/subscriptions","organizations_url":"https://api.github.com/users/phongnguyenxuan/orgs","repos_url":"https://api.github.com/users/phongnguyenxuan/repos","events_url":"https://api.github.com/users/phongnguyenxuan/events{/privacy}","received_events_url":"https://api.github.com/users/phongnguyenxuan/received_events","type":"User","site_admin":false,"name":"PhongNX","company":null,"blog":"","location":"Ha Noi, Viet Nam","email":null,"hireable":null,"bio":null,"twitter_username":null,"public_repos":8,"public_gists":0,"followers":1,"following":3,"created_at":"2022-07-13T16:09:05Z","updated_at":"2024-01-07T14:12:04Z","private_gists":0,"total_private_repos":1,"owned_private_repos":1,"disk_usage":452039,"collaborators":0,"two_factor_authentication":false,"plan":{"name":"free","space":976562499,"collaborators":0,"private_repos":10000}}
[info] 
[info] +  Success! Logged into GitHub as phongnguyenxuan 
[info] 
[debug] [2024-01-07T14:12:16.721Z] >>> [apiv2][query] GET https://api.github.com/repos//actions/secrets/public-key type=owner
[debug] [2024-01-07T14:12:17.116Z] <<< [apiv2][status] GET https://api.github.com/repos//actions/secrets/public-key 404
[debug] [2024-01-07T14:12:17.116Z] <<< [apiv2][body] GET https://api.github.com/repos//actions/secrets/public-key {"message":"Not Found","documentation_url":"https://docs.github.com/rest"}
[info] 
[info] 
[error] !  The provided authorization cannot be used with this repository. If this repository is in an organization, did you remember to grant access? 
[info] 
[info] i  Action required: Visit this URL to ensure access has been granted to the appropriate organization(s) for the Firebase CLI GitHub OAuth App: 
[info] https://github.com/settings/connections/applications/89cf50f02ac6aaed3484
[info] 
